### Bu dosyasi, otomasyon.py script'inin olusturmus oldugu bir log dosyasidir.


INFO:root:{
    "status": {
        "success": true,

        "info": [
            { "level": "info", "code": "E_OK", "message": "Success." }
        ]
    }
 }

INFO:root:{
     "status": {
         "success": true

        ,"cli": {
             "mode": "config_mode"
            ,"depth": 1
            ,"configuring": true
            ,"pending_config": true
            ,"restart_required": "FALSE"
         }

        ,"info": [
             {
                 "level": "info"
                ,"code": "E_OK"
                ,"message": "Success."
             }
         ]
     }
}

INFO:root:{
     "status": {
         "success": true

        ,"cli": {
             "mode": "config_mode"
            ,"depth": 1
            ,"configuring": true
            ,"pending_config": false
            ,"restart_required": "FALSE"
         }

        ,"info": [
             {
                 "level": "info"
                ,"code": "E_OK"
                ,"message": "Rule edited and inserted at priority 44"
             }
            ,{
                 "level": "info"
                ,"code": "E_OK"
                ,"message": "Changes made."
             }
         ]
     }
}

INFO:root:{
    "status": {
        "success": true,

        "info": [
            { "level": "info", "code": "E_OK", "message": "Success." }
        ]
    }
 }